120029 DEBUG [2016-09-25 22:26:30]  Connection:keep-alive
120029 DEBUG [2016-09-25 22:26:30]  Api-Server-IP:10.77.108.213
120029 DEBUG [2016-09-25 22:26:30]  Vary:Accept-Encoding
120029 DEBUG [2016-09-25 22:26:30]  SINA-LB:aGEuMjIuZzEuc2UubGIuc2luYW5vZGUuY29t
120029 DEBUG [2016-09-25 22:26:30]  SINA-TS:NGI4OGMzNjggMCAyIDIgNyA3Cg==
120029 WARN  [2016-09-25 22:26:30]  Going to buffer response body of large or unknown size. Using getResponseBodyAsStream instead is recommended.
120030 DEBUG [2016-09-25 22:26:30]  [{"id":4023691953977934,"comments":0,"reposts":0,"attitudes":0},{"id":4023691925186007,"comments":0,"reposts":0,"attitudes":0}]

120030 DEBUG [2016-09-25 22:26:30]  Request:
120030 DEBUG [2016-09-25 22:26:30]  GET:https://api.weibo.com/2/statuses/count.json
120031 DEBUG [2016-09-25 22:26:30]  Authorization: OAuth2 2.00_7C8gFOxK_cD9ec28c4cff8Y6FyB
120031 DEBUG [2016-09-25 22:26:30]  API-RemoteIP: 192.168.202.1
120316 DEBUG [2016-09-25 22:26:30]  Response:
120316 DEBUG [2016-09-25 22:26:30]  https StatusCode:200
120316 DEBUG [2016-09-25 22:26:30]  Server:nginx/1.6.1
120316 DEBUG [2016-09-25 22:26:30]  Date:Sun, 25 Sep 2016 14:26:28 GMT
120316 DEBUG [2016-09-25 22:26:30]  Content-Type:application/json;charset=UTF-8
120316 DEBUG [2016-09-25 22:26:30]  Transfer-Encoding:chunked
120316 DEBUG [2016-09-25 22:26:30]  Connection:keep-alive
120316 DEBUG [2016-09-25 22:26:30]  Api-Server-IP:10.77.108.52
120316 DEBUG [2016-09-25 22:26:30]  Vary:Accept-Encoding
120316 DEBUG [2016-09-25 22:26:30]  SINA-LB:aGEuMTc2LmcxLnNlLmxiLnNpbmFub2RlLmNvbQ==
120316 DEBUG [2016-09-25 22:26:30]  SINA-TS:NGI4OGMzNjggMCAxIDEgNiAyNjcK
120316 WARN  [2016-09-25 22:26:30]  Going to buffer response body of large or unknown size. Using getResponseBodyAsStream instead is recommended.
120316 DEBUG [2016-09-25 22:26:30]  [{"id":4023691920987635,"comments":0,"reposts":0,"attitudes":0},{"id":4023691912580190,"comments":0,"reposts":0,"attitudes":0}]

120316 DEBUG [2016-09-25 22:26:30]  Request:
120316 DEBUG [2016-09-25 22:26:30]  GET:https://api.weibo.com/2/statuses/count.json
120317 DEBUG [2016-09-25 22:26:30]  Authorization: OAuth2 2.00_7C8gFOxK_cD9ec28c4cff8Y6FyB
120317 DEBUG [2016-09-25 22:26:30]  API-RemoteIP: 192.168.202.1
120384 DEBUG [2016-09-25 22:26:30]  Response:
120384 DEBUG [2016-09-25 22:26:30]  https StatusCode:200
120384 DEBUG [2016-09-25 22:26:30]  Server:nginx/1.6.1
120384 DEBUG [2016-09-25 22:26:30]  Date:Sun, 25 Sep 2016 14:26:28 GMT
120384 DEBUG [2016-09-25 22:26:30]  Content-Type:application/json;charset=UTF-8
120384 DEBUG [2016-09-25 22:26:30]  Transfer-Encoding:chunked
120384 DEBUG [2016-09-25 22:26:30]  Connection:keep-alive
120384 DEBUG [2016-09-25 22:26:30]  Api-Server-IP:10.77.108.50
120384 DEBUG [2016-09-25 22:26:30]  Vary:Accept-Encoding
120384 DEBUG [2016-09-25 22:26:30]  SINA-LB:aGEuMjEuZzEuc2UubGIuc2luYW5vZGUuY29t
120384 DEBUG [2016-09-25 22:26:30]  SINA-TS:NDg4OGMzNjggMCAyIDIgNyA3Cg==
120384 WARN  [2016-09-25 22:26:30]  Going to buffer response body of large or unknown size. Using getResponseBodyAsStream instead is recommended.
120385 DEBUG [2016-09-25 22:26:30]  [{"id":4023691912576188,"comments":0,"reposts":0,"attitudes":0},{"id":4023691891327773,"comments":0,"reposts":0,"attitudes":0}]

120385 DEBUG [2016-09-25 22:26:30]  Request:
120385 DEBUG [2016-09-25 22:26:30]  GET:https://api.weibo.com/2/statuses/count.json
120385 DEBUG [2016-09-25 22:26:30]  Authorization: OAuth2 2.00_7C8gFOxK_cD9ec28c4cff8Y6FyB
120385 DEBUG [2016-09-25 22:26:30]  API-RemoteIP: 192.168.202.1
120465 DEBUG [2016-09-25 22:26:30]  Response:
120465 DEBUG [2016-09-25 22:26:30]  https StatusCode:200
120465 DEBUG [2016-09-25 22:26:30]  Server:nginx/1.6.1
120465 DEBUG [2016-09-25 22:26:30]  Date:Sun, 25 Sep 2016 14:26:28 GMT
120465 DEBUG [2016-09-25 22:26:30]  Content-Type:application/json;charset=UTF-8
120465 DEBUG [2016-09-25 22:26:30]  Transfer-Encoding:chunked
120465 DEBUG [2016-09-25 22:26:30]  Connection:keep-alive
120465 DEBUG [2016-09-25 22:26:30]  Api-Server-IP:10.77.108.51
120465 DEBUG [2016-09-25 22:26:30]  Vary:Accept-Encoding
120465 DEBUG [2016-09-25 22:26:30]  SINA-LB:aGEuMjEuZzEuc2UubGIuc2luYW5vZGUuY29t
120465 DEBUG [2016-09-25 22:26:30]  SINA-TS:NGE4OGMzNjggMCAyIDIgMyA5Cg==
120465 WARN  [2016-09-25 22:26:30]  Going to buffer response body of large or unknown size. Using getResponseBodyAsStream instead is recommended.
120465 DEBUG [2016-09-25 22:26:30]  [{"id":4023691887131803,"comments":0,"reposts":0,"attitudes":0},{"id":4023691874752070,"comments":0,"reposts":0,"attitudes":0}]

120466 DEBUG [2016-09-25 22:26:30]  Request:
120466 DEBUG [2016-09-25 22:26:30]  GET:https://api.weibo.com/2/statuses/count.json
120466 DEBUG [2016-09-25 22:26:30]  Authorization: OAuth2 2.00_7C8gFOxK_cD9ec28c4cff8Y6FyB
120466 DEBUG [2016-09-25 22:26:30]  API-RemoteIP: 192.168.202.1
120678 DEBUG [2016-09-25 22:26:30]  Response:
120678 DEBUG [2016-09-25 22:26:30]  https StatusCode:200
120678 DEBUG [2016-09-25 22:26:30]  Server:nginx/1.6.1
120678 DEBUG [2016-09-25 22:26:30]  Date:Sun, 25 Sep 2016 14:26:28 GMT
120679 DEBUG [2016-09-25 22:26:30]  Content-Type:application/json;charset=UTF-8
120679 DEBUG [2016-09-25 22:26:30]  Transfer-Encoding:chunked
120679 DEBUG [2016-09-25 22:26:30]  Connection:keep-alive
120679 DEBUG [2016-09-25 22:26:30]  Api-Server-IP:10.77.108.52
120679 DEBUG [2016-09-25 22:26:30]  Vary:Accept-Encoding
120679 DEBUG [2016-09-25 22:26:30]  SINA-LB:aGEuMTc2LmcxLnNlLmxiLnNpbmFub2RlLmNvbQ==
120679 DEBUG [2016-09-25 22:26:30]  SINA-TS:NGQ4OGMzNjggMCA4OSA4OSA2IDk3Cg==
120679 WARN  [2016-09-25 22:26:30]  Going to buffer response body of large or unknown size. Using getResponseBodyAsStream instead is recommended.
120679 DEBUG [2016-09-25 22:26:30]  [{"id":4023691832128814,"comments":95,"reposts":534,"attitudes":446},{"id":4023691820481399,"comments":0,"reposts":1,"attitudes":0}]

120679 DEBUG [2016-09-25 22:26:30]  Request:
120679 DEBUG [2016-09-25 22:26:30]  GET:https://api.weibo.com/2/statuses/count.json
120679 DEBUG [2016-09-25 22:26:30]  Authorization: OAuth2 2.00_7C8gFOxK_cD9ec28c4cff8Y6FyB
120679 DEBUG [2016-09-25 22:26:30]  API-RemoteIP: 192.168.202.1
120781 DEBUG [2016-09-25 22:26:30]  Response:
120782 DEBUG [2016-09-25 22:26:30]  https StatusCode:200
120782 DEBUG [2016-09-25 22:26:30]  Server:nginx/1.6.1
120782 DEBUG [2016-09-25 22:26:30]  Date:Sun, 25 Sep 2016 14:26:28 GMT
120782 DEBUG [2016-09-25 22:26:30]  Content-Type:application/json;charset=UTF-8
120782 DEBUG [2016-09-25 22:26:30]  Transfer-Encoding:chunked
120782 DEBUG [2016-09-25 22:26:30]  Connection:keep-alive
120782 DEBUG [2016-09-25 22:26:30]  Api-Server-IP:10.77.108.57
120782 DEBUG [2016-09-25 22:26:30]  Vary:Accept-Encoding
120782 DEBUG [2016-09-25 22:26:30]  SINA-LB:aGEuMjEuZzEuc2UubGIuc2luYW5vZGUuY29t
120782 DEBUG [2016-09-25 22:26:30]  SINA-TS:NGE4OGMzNjggMCAyIDIgOCA2Cg==
120782 WARN  [2016-09-25 22:26:30]  Going to buffer response body of large or unknown size. Using getResponseBodyAsStream instead is recommended.
120782 DEBUG [2016-09-25 22:26:30]  [{"id":4023691816281437,"comments":0,"reposts":0,"attitudes":0},{"id":4023691811153188,"comments":0,"reposts":0,"attitudes":0}]

120782 DEBUG [2016-09-25 22:26:30]  Request:
120782 DEBUG [2016-09-25 22:26:30]  GET:https://api.weibo.com/2/statuses/count.json
120782 DEBUG [2016-09-25 22:26:30]  Authorization: OAuth2 2.00_7C8gFOxK_cD9ec28c4cff8Y6FyB
120782 DEBUG [2016-09-25 22:26:30]  API-RemoteIP: 192.168.202.1
120815 DEBUG [2016-09-25 22:26:30]  Response:
120815 DEBUG [2016-09-25 22:26:30]  https StatusCode:200
120815 DEBUG [2016-09-25 22:26:30]  Server:nginx/1.6.1
120815 DEBUG [2016-09-25 22:26:30]  Date:Sun, 25 Sep 2016 14:26:28 GMT
120815 DEBUG [2016-09-25 22:26:30]  Content-Type:application/json;charset=UTF-8
120815 DEBUG [2016-09-25 22:26:30]  Transfer-Encoding:chunked
120815 DEBUG [2016-09-25 22:26:30]  Connection:keep-alive
120815 DEBUG [2016-09-25 22:26:30]  Api-Server-IP:10.77.108.54
120815 DEBUG [2016-09-25 22:26:30]  Vary:Accept-Encoding
120815 DEBUG [2016-09-25 22:26:30]  SINA-LB:aGEuMTc1LmcxLnNlLmxiLnNpbmFub2RlLmNvbQ==
120815 DEBUG [2016-09-25 22:26:30]  SINA-TS:NGQ4OGMzNjggMCAxIDEgOCA2Cg==
120815 WARN  [2016-09-25 22:26:30]  Going to buffer response body of large or unknown size. Using getResponseBodyAsStream instead is recommended.
120815 DEBUG [2016-09-25 22:26:30]  [{"id":4023691748543559,"comments":0,"reposts":535,"attitudes":0},{"id":4023691711482263,"comments":0,"reposts":0,"attitudes":0}]

120816 DEBUG [2016-09-25 22:26:30]  Request:
120816 DEBUG [2016-09-25 22:26:30]  GET:https://api.weibo.com/2/statuses/count.json
120816 DEBUG [2016-09-25 22:26:30]  Authorization: OAuth2 2.00_7C8gFOxK_cD9ec28c4cff8Y6FyB
120816 DEBUG [2016-09-25 22:26:30]  API-RemoteIP: 192.168.202.1
120886 DEBUG [2016-09-25 22:26:30]  Response:
120886 DEBUG [2016-09-25 22:26:30]  https StatusCode:200
120886 DEBUG [2016-09-25 22:26:30]  Server:nginx/1.6.1
120887 DEBUG [2016-09-25 22:26:30]  Date:Sun, 25 Sep 2016 14:26:28 GMT
120887 DEBUG [2016-09-25 22:26:30]  Content-Type:application/json;charset=UTF-8
120887 DEBUG [2016-09-25 22:26:30]  Transfer-Encoding:chunked
120887 DEBUG [2016-09-25 22:26:30]  Connection:keep-alive
120887 DEBUG [2016-09-25 22:26:30]  Api-Server-IP:10.77.108.52
120887 DEBUG [2016-09-25 22:26:30]  Vary:Accept-Encoding
120887 DEBUG [2016-09-25 22:26:30]  SINA-LB:aGEuMjIuZzEuc2UubGIuc2luYW5vZGUuY29t
120887 DEBUG [2016-09-25 22:26:30]  SINA-TS:NGE4OGMzNjggMCAyIDIgNyA2Cg==
120887 WARN  [2016-09-25 22:26:30]  Going to buffer response body of large or unknown size. Using getResponseBodyAsStream instead is recommended.
120887 DEBUG [2016-09-25 22:26:30]  [{"id":4023691710755171,"comments":0,"reposts":0,"attitudes":0},{"id":4023691685567316,"comments":0,"reposts":0,"attitudes":0}]

120887 DEBUG [2016-09-25 22:26:30]  Request:
120887 DEBUG [2016-09-25 22:26:30]  GET:https://api.weibo.com/2/statuses/count.json
120889 DEBUG [2016-09-25 22:26:30]  Authorization: OAuth2 2.00_7C8gFOxK_cD9ec28c4cff8Y6FyB
120889 DEBUG [2016-09-25 22:26:30]  API-RemoteIP: 192.168.202.1
121097 DEBUG [2016-09-25 22:26:31]  Response:
121097 DEBUG [2016-09-25 22:26:31]  https StatusCode:200
121097 DEBUG [2016-09-25 22:26:31]  Server:nginx/1.6.1
121097 DEBUG [2016-09-25 22:26:31]  Date:Sun, 25 Sep 2016 14:26:28 GMT
121097 DEBUG [2016-09-25 22:26:31]  Content-Type:application/json;charset=UTF-8
121097 DEBUG [2016-09-25 22:26:31]  Transfer-Encoding:chunked
121097 DEBUG [2016-09-25 22:26:31]  Connection:keep-alive
121097 DEBUG [2016-09-25 22:26:31]  Api-Server-IP:10.77.108.50
121097 DEBUG [2016-09-25 22:26:31]  Vary:Accept-Encoding
121097 DEBUG [2016-09-25 22:26:31]  SINA-LB:aGEuMjEuZzEuc2UubGIuc2luYW5vZGUuY29t
121097 DEBUG [2016-09-25 22:26:31]  SINA-TS:NGI4OGMzNjggMCA5MSA5MSA3IDk4Cg==
121097 WARN  [2016-09-25 22:26:31]  Going to buffer response body of large or unknown size. Using getResponseBodyAsStream instead is recommended.
121097 DEBUG [2016-09-25 22:26:31]  [{"id":4023691647777009,"comments":0,"reposts":0,"attitudes":0},{"id":4023691647541976,"comments":2,"reposts":0,"attitudes":0}]

121098 DEBUG [2016-09-25 22:26:31]  Request:
121098 DEBUG [2016-09-25 22:26:31]  GET:https://api.weibo.com/2/statuses/count.json
121099 DEBUG [2016-09-25 22:26:31]  Authorization: OAuth2 2.00_7C8gFOxK_cD9ec28c4cff8Y6FyB
121099 DEBUG [2016-09-25 22:26:31]  API-RemoteIP: 192.168.202.1
121167 DEBUG [2016-09-25 22:26:31]  Response:
121167 DEBUG [2016-09-25 22:26:31]  https StatusCode:200
121167 DEBUG [2016-09-25 22:26:31]  Server:nginx/1.6.1
121167 DEBUG [2016-09-25 22:26:31]  Date:Sun, 25 Sep 2016 14:26:28 GMT
121167 DEBUG [2016-09-25 22:26:31]  Content-Type:application/json;charset=UTF-8
121167 DEBUG [2016-09-25 22:26:31]  Transfer-Encoding:chunked
121168 DEBUG [2016-09-25 22:26:31]  Connection:keep-alive
121168 DEBUG [2016-09-25 22:26:31]  Api-Server-IP:10.77.108.51
121168 DEBUG [2016-09-25 22:26:31]  Vary:Accept-Encoding
121168 DEBUG [2016-09-25 22:26:31]  SINA-LB:aGEuMjEuZzEuc2UubGIuc2luYW5vZGUuY29t
121168 DEBUG [2016-09-25 22:26:31]  SINA-TS:NGE4OGMzNjggMCAyIDIgNCA3Cg==
121168 WARN  [2016-09-25 22:26:31]  Going to buffer response body of large or unknown size. Using getResponseBodyAsStream instead is recommended.
121168 DEBUG [2016-09-25 22:26:31]  [{"id":4023691597199636,"comments":0,"reposts":0,"attitudes":0},{"id":4023691585276405,"comments":0,"reposts":0,"attitudes":0}]

121168 DEBUG [2016-09-25 22:26:31]  Request:
121168 DEBUG [2016-09-25 22:26:31]  GET:https://api.weibo.com/2/statuses/count.json
121169 DEBUG [2016-09-25 22:26:31]  Authorization: OAuth2 2.00_7C8gFOxK_cD9ec28c4cff8Y6FyB
121169 DEBUG [2016-09-25 22:26:31]  API-RemoteIP: 192.168.202.1
121196 DEBUG [2016-09-25 22:26:31]  Response:
121196 DEBUG [2016-09-25 22:26:31]  https StatusCode:200
121196 DEBUG [2016-09-25 22:26:31]  Server:nginx/1.6.1
121196 DEBUG [2016-09-25 22:26:31]  Date:Sun, 25 Sep 2016 14:26:29 GMT
121196 DEBUG [2016-09-25 22:26:31]  Content-Type:application/json;charset=UTF-8
121196 DEBUG [2016-09-25 22:26:31]  Transfer-Encoding:chunked
121196 DEBUG [2016-09-25 22:26:31]  Connection:keep-alive
121196 DEBUG [2016-09-25 22:26:31]  Api-Server-IP:10.77.108.39
121196 DEBUG [2016-09-25 22:26:31]  Vary:Accept-Encoding
121197 DEBUG [2016-09-25 22:26:31]  SINA-LB:aGEuMTc1LmcxLnNlLmxiLnNpbmFub2RlLmNvbQ==
121197 DEBUG [2016-09-25 22:26:31]  SINA-TS:NGI4OGMzNjggMCAxIDEgOCA2Cg==
121197 WARN  [2016-09-25 22:26:31]  Going to buffer response body of large or unknown size. Using getResponseBodyAsStream instead is recommended.
121197 DEBUG [2016-09-25 22:26:31]  [{"id":4023691585271141,"comments":0,"reposts":0,"attitudes":0},{"id":4023691526719019,"comments":0,"reposts":0,"attitudes":0}]

121197 DEBUG [2016-09-25 22:26:31]  Request:
121197 DEBUG [2016-09-25 22:26:31]  GET:https://api.weibo.com/2/statuses/count.json
121198 DEBUG [2016-09-25 22:26:31]  Authorization: OAuth2 2.00_7C8gFOxK_cD9ec28c4cff8Y6FyB
121198 DEBUG [2016-09-25 22:26:31]  API-RemoteIP: 192.168.202.1
121410 DEBUG [2016-09-25 22:26:31]  Response:
121410 DEBUG [2016-09-25 22:26:31]  https StatusCode:200
121410 DEBUG [2016-09-25 22:26:31]  Server:nginx/1.6.1
121410 DEBUG [2016-09-25 22:26:31]  Date:Sun, 25 Sep 2016 14:26:29 GMT
121410 DEBUG [2016-09-25 22:26:31]  Content-Type:application/json;charset=UTF-8
121410 DEBUG [2016-09-25 22:26:31]  Transfer-Encoding:chunked
121410 DEBUG [2016-09-25 22:26:31]  Connection:keep-alive
121410 DEBUG [2016-09-25 22:26:31]  Api-Server-IP:10.77.108.129
121410 DEBUG [2016-09-25 22:26:31]  Vary:Accept-Encoding
121410 DEBUG [2016-09-25 22:26:31]  SINA-LB:aGEuMTc2LmcxLnNlLmxiLnNpbmFub2RlLmNvbQ==
121410 DEBUG [2016-09-25 22:26:31]  SINA-TS:NGE4OGMzNjggMCA5MiA5MiA3IDk1Cg==
121410 WARN  [2016-09-25 22:26:31]  Going to buffer response body of large or unknown size. Using getResponseBodyAsStream instead is recommended.
121411 DEBUG [2016-09-25 22:26:31]  [{"id":4023691505048646,"comments":0,"reposts":0,"attitudes":0},{"id":4023691500711359,"comments":0,"reposts":1,"attitudes":0}]

121411 DEBUG [2016-09-25 22:26:31]  Request:
121411 DEBUG [2016-09-25 22:26:31]  GET:https://api.weibo.com/2/statuses/count.json
121411 DEBUG [2016-09-25 22:26:31]  Authorization: OAuth2 2.00_7C8gFOxK_cD9ec28c4cff8Y6FyB
121411 DEBUG [2016-09-25 22:26:31]  API-RemoteIP: 192.168.202.1
121487 DEBUG [2016-09-25 22:26:31]  Response:
121487 DEBUG [2016-09-25 22:26:31]  https StatusCode:200
121487 DEBUG [2016-09-25 22:26:31]  Server:nginx/1.6.1
121487 DEBUG [2016-09-25 22:26:31]  Date:Sun, 25 Sep 2016 14:26:29 GMT
121487 DEBUG [2016-09-25 22:26:31]  Content-Type:application/json;charset=UTF-8
121487 DEBUG [2016-09-25 22:26:31]  Transfer-Encoding:chunked
121487 DEBUG [2016-09-25 22:26:31]  Connection:keep-alive
121487 DEBUG [2016-09-25 22:26:31]  Api-Server-IP:10.77.108.53
121487 DEBUG [2016-09-25 22:26:31]  Vary:Accept-Encoding
121487 DEBUG [2016-09-25 22:26:31]  SINA-LB:aGEuMjIuZzEuc2UubGIuc2luYW5vZGUuY29t
121487 DEBUG [2016-09-25 22:26:31]  SINA-TS:NDg4OGMzNjggMCAxIDEgOCA3Cg==
121487 WARN  [2016-09-25 22:26:31]  Going to buffer response body of large or unknown size. Using getResponseBodyAsStream instead is recommended.
121487 DEBUG [2016-09-25 22:26:31]  [{"id":4023691492320829,"comments":0,"reposts":0,"attitudes":0},{"id":4023691438358670,"comments":0,"reposts":0,"attitudes":0}]

121487 DEBUG [2016-09-25 22:26:31]  Request:
121487 DEBUG [2016-09-25 22:26:31]  GET:https://api.weibo.com/2/statuses/count.json
121488 DEBUG [2016-09-25 22:26:31]  Authorization: OAuth2 2.00_7C8gFOxK_cD9ec28c4cff8Y6FyB
121488 DEBUG [2016-09-25 22:26:31]  API-RemoteIP: 192.168.202.1
121516 DEBUG [2016-09-25 22:26:31]  Response:
121516 DEBUG [2016-09-25 22:26:31]  https StatusCode:200
121516 DEBUG [2016-09-25 22:26:31]  Server:nginx/1.6.1
121516 DEBUG [2016-09-25 22:26:31]  Date:Sun, 25 Sep 2016 14:26:29 GMT
121516 DEBUG [2016-09-25 22:26:31]  Content-Type:application/json;charset=UTF-8
121516 DEBUG [2016-09-25 22:26:31]  Transfer-Encoding:chunked
121516 DEBUG [2016-09-25 22:26:31]  Connection:keep-alive
121516 DEBUG [2016-09-25 22:26:31]  Api-Server-IP:10.77.108.214
121516 DEBUG [2016-09-25 22:26:31]  Vary:Accept-Encoding
121516 DEBUG [2016-09-25 22:26:31]  SINA-LB:aGEuMjIuZzEuc2UubGIuc2luYW5vZGUuY29t
121516 DEBUG [2016-09-25 22:26:31]  SINA-TS:NGI4OGMzNjggMCAyIDIgOCA2Cg==
121516 WARN  [2016-09-25 22:26:31]  Going to buffer response body of large or unknown size. Using getResponseBodyAsStream instead is recommended.
121517 DEBUG [2016-09-25 22:26:31]  [{"id":4023691425548617,"comments":0,"reposts":0,"attitudes":0},{"id":4023691346298042,"comments":0,"reposts":0,"attitudes":0}]

121517 DEBUG [2016-09-25 22:26:31]  Request:
121517 DEBUG [2016-09-25 22:26:31]  GET:https://api.weibo.com/2/statuses/count.json
121517 DEBUG [2016-09-25 22:26:31]  Authorization: OAuth2 2.00_7C8gFOxK_cD9ec28c4cff8Y6FyB
121517 DEBUG [2016-09-25 22:26:31]  API-RemoteIP: 192.168.202.1
121557 DEBUG [2016-09-25 22:26:31]  Response:
121557 DEBUG [2016-09-25 22:26:31]  https StatusCode:200
121557 DEBUG [2016-09-25 22:26:31]  Server:nginx/1.6.1
121557 DEBUG [2016-09-25 22:26:31]  Date:Sun, 25 Sep 2016 14:26:29 GMT
121557 DEBUG [2016-09-25 22:26:31]  Content-Type:application/json;charset=UTF-8
121557 DEBUG [2016-09-25 22:26:31]  Transfer-Encoding:chunked
121557 DEBUG [2016-09-25 22:26:31]  Connection:keep-alive
121557 DEBUG [2016-09-25 22:26:31]  Api-Server-IP:10.77.108.56
121558 DEBUG [2016-09-25 22:26:31]  Vary:Accept-Encoding
121558 DEBUG [2016-09-25 22:26:31]  SINA-LB:aGEuMjIuZzEuc2UubGIuc2luYW5vZGUuY29t
121558 DEBUG [2016-09-25 22:26:31]  SINA-TS:NDg4OGMzNjggMCAzIDMgNyA3Cg==
121558 WARN  [2016-09-25 22:26:31]  Going to buffer response body of large or unknown size. Using getResponseBodyAsStream instead is recommended.
121558 DEBUG [2016-09-25 22:26:31]  [{"id":4023691345489941,"comments":0,"reposts":0,"attitudes":0},{"id":4023691291213255,"comments":0,"reposts":0,"attitudes":0}]

121558 DEBUG [2016-09-25 22:26:31]  Request:
121558 DEBUG [2016-09-25 22:26:31]  GET:https://api.weibo.com/2/statuses/count.json
121558 DEBUG [2016-09-25 22:26:31]  Authorization: OAuth2 2.00_7C8gFOxK_cD9ec28c4cff8Y6FyB
121558 DEBUG [2016-09-25 22:26:31]  API-RemoteIP: 192.168.202.1
121595 DEBUG [2016-09-25 22:26:31]  Response:
121595 DEBUG [2016-09-25 22:26:31]  https StatusCode:200
121595 DEBUG [2016-09-25 22:26:31]  Server:nginx/1.6.1
121595 DEBUG [2016-09-25 22:26:31]  Date:Sun, 25 Sep 2016 14:26:29 GMT
121595 DEBUG [2016-09-25 22:26:31]  Content-Type:application/json;charset=UTF-8
121595 DEBUG [2016-09-25 22:26:31]  Transfer-Encoding:chunked
121595 DEBUG [2016-09-25 22:26:31]  Connection:keep-alive
121595 DEBUG [2016-09-25 22:26:31]  Api-Server-IP:10.77.108.52
121595 DEBUG [2016-09-25 22:26:31]  Vary:Accept-Encoding
121595 DEBUG [2016-09-25 22:26:31]  SINA-LB:aGEuMjEuZzEuc2UubGIuc2luYW5vZGUuY29t
121595 DEBUG [2016-09-25 22:26:31]  SINA-TS:NGQ4OGMzNjggMCAyIDIgNyA2Cg==
121595 WARN  [2016-09-25 22:26:31]  Going to buffer response body of large or unknown size. Using getResponseBodyAsStream instead is recommended.
121595 DEBUG [2016-09-25 22:26:31]  [{"id":4023691266026089,"comments":0,"reposts":0,"attitudes":0},{"id":4023691257390926,"comments":0,"reposts":0,"attitudes":0}]

121595 DEBUG [2016-09-25 22:26:31]  Request:
121595 DEBUG [2016-09-25 22:26:31]  GET:https://api.weibo.com/2/statuses/count.json
121596 DEBUG [2016-09-25 22:26:31]  Authorization: OAuth2 2.00_7C8gFOxK_cD9ec28c4cff8Y6FyB
121596 DEBUG [2016-09-25 22:26:31]  API-RemoteIP: 192.168.202.1
121624 DEBUG [2016-09-25 22:26:31]  Response:
121624 DEBUG [2016-09-25 22:26:31]  https StatusCode:200
121624 DEBUG [2016-09-25 22:26:31]  Server:nginx/1.6.1
121624 DEBUG [2016-09-25 22:26:31]  Date:Sun, 25 Sep 2016 14:26:29 GMT
121624 DEBUG [2016-09-25 22:26:31]  Content-Type:application/json;charset=UTF-8
121624 DEBUG [2016-09-25 22:26:31]  Transfer-Encoding:chunked
121624 DEBUG [2016-09-25 22:26:31]  Connection:keep-alive
121624 DEBUG [2016-09-25 22:26:31]  Api-Server-IP:10.77.108.57
121624 DEBUG [2016-09-25 22:26:31]  Vary:Accept-Encoding
121624 DEBUG [2016-09-25 22:26:31]  SINA-LB:aGEuMjIuZzEuc2UubGIuc2luYW5vZGUuY29t
121624 DEBUG [2016-09-25 22:26:31]  SINA-TS:NGQ4OGMzNjggMCAyIDIgNyA2Cg==
121624 WARN  [2016-09-25 22:26:31]  Going to buffer response body of large or unknown size. Using getResponseBodyAsStream instead is recommended.
121624 DEBUG [2016-09-25 22:26:31]  [{"id":4023691236643171,"comments":0,"reposts":0,"attitudes":0},{"id":4023691220656053,"comments":0,"reposts":0,"attitudes":0}]

121624 DEBUG [2016-09-25 22:26:31]  Request:
121624 DEBUG [2016-09-25 22:26:31]  GET:https://api.weibo.com/2/statuses/count.json
121624 DEBUG [2016-09-25 22:26:31]  Authorization: OAuth2 2.00_7C8gFOxK_cD9ec28c4cff8Y6FyB
121624 DEBUG [2016-09-25 22:26:31]  API-RemoteIP: 192.168.202.1
121849 DEBUG [2016-09-25 22:26:31]  Response:
121849 DEBUG [2016-09-25 22:26:31]  https StatusCode:200
121849 DEBUG [2016-09-25 22:26:31]  Server:nginx/1.6.1
121849 DEBUG [2016-09-25 22:26:31]  Date:Sun, 25 Sep 2016 14:26:29 GMT
121850 DEBUG [2016-09-25 22:26:31]  Content-Type:application/json;charset=UTF-8
121850 DEBUG [2016-09-25 22:26:31]  Transfer-Encoding:chunked
121850 DEBUG [2016-09-25 22:26:31]  Connection:keep-alive
121850 DEBUG [2016-09-25 22:26:31]  Api-Server-IP:10.77.108.40
121850 DEBUG [2016-09-25 22:26:31]  Vary:Accept-Encoding
121850 DEBUG [2016-09-25 22:26:31]  SINA-LB:aGEuMTc1LmcxLnNlLmxiLnNpbmFub2RlLmNvbQ==
121850 DEBUG [2016-09-25 22:26:31]  SINA-TS:NGE4OGMzNjggMCA5MiA5MiA4IDk2Cg==
121850 WARN  [2016-09-25 22:26:31]  Going to buffer response body of large or unknown size. Using getResponseBodyAsStream instead is recommended.
121850 DEBUG [2016-09-25 22:26:31]  [{"id":4023691211455121,"comments":0,"reposts":0,"attitudes":1},{"id":4023691186525077,"comments":0,"reposts":0,"attitudes":0}]

121850 DEBUG [2016-09-25 22:26:31]  Request:
121851 DEBUG [2016-09-25 22:26:31]  GET:https://api.weibo.com/2/statuses/count.json
121852 DEBUG [2016-09-25 22:26:31]  Authorization: OAuth2 2.00_7C8gFOxK_cD9ec28c4cff8Y6FyB
121852 DEBUG [2016-09-25 22:26:31]  API-RemoteIP: 192.168.202.1
121891 DEBUG [2016-09-25 22:26:31]  Response:
121891 DEBUG [2016-09-25 22:26:31]  https StatusCode:200
121891 DEBUG [2016-09-25 22:26:31]  Server:nginx/1.6.1
121891 DEBUG [2016-09-25 22:26:31]  Date:Sun, 25 Sep 2016 14:26:29 GMT
121891 DEBUG [2016-09-25 22:26:31]  Content-Type:application/json;charset=UTF-8
121891 DEBUG [2016-09-25 22:26:31]  Transfer-Encoding:chunked
121891 DEBUG [2016-09-25 22:26:31]  Connection:keep-alive
121891 DEBUG [2016-09-25 22:26:31]  Api-Server-IP:10.77.108.52
121891 DEBUG [2016-09-25 22:26:31]  Vary:Accept-Encoding
121891 DEBUG [2016-09-25 22:26:31]  SINA-LB:aGEuMTc2LmcxLnNlLmxiLnNpbmFub2RlLmNvbQ==
121891 DEBUG [2016-09-25 22:26:31]  SINA-TS:NGI4OGMzNjggMCAyIDIgNyA2Cg==
121891 WARN  [2016-09-25 22:26:31]  Going to buffer response body of large or unknown size. Using getResponseBodyAsStream instead is recommended.
121891 DEBUG [2016-09-25 22:26:31]  [{"id":4023691153685808,"comments":0,"reposts":0,"attitudes":0},{"id":4023691153251145,"comments":0,"reposts":1,"attitudes":0}]

121891 DEBUG [2016-09-25 22:26:31]  Request:
121891 DEBUG [2016-09-25 22:26:31]  GET:https://api.weibo.com/2/statuses/count.json
121892 DEBUG [2016-09-25 22:26:31]  Authorization: OAuth2 2.00_7C8gFOxK_cD9ec28c4cff8Y6FyB
121892 DEBUG [2016-09-25 22:26:31]  API-RemoteIP: 192.168.202.1
121970 DEBUG [2016-09-25 22:26:32]  Response:
121970 DEBUG [2016-09-25 22:26:32]  https StatusCode:200
121970 DEBUG [2016-09-25 22:26:32]  Server:nginx/1.6.1
121970 DEBUG [2016-09-25 22:26:32]  Date:Sun, 25 Sep 2016 14:26:29 GMT
121970 DEBUG [2016-09-25 22:26:32]  Content-Type:application/json;charset=UTF-8
121970 DEBUG [2016-09-25 22:26:32]  Transfer-Encoding:chunked
121970 DEBUG [2016-09-25 22:26:32]  Connection:keep-alive
121970 DEBUG [2016-09-25 22:26:32]  Api-Server-IP:10.77.108.41
121970 DEBUG [2016-09-25 22:26:32]  Vary:Accept-Encoding
121970 DEBUG [2016-09-25 22:26:32]  SINA-LB:aGEuMTc1LmcxLnNlLmxiLnNpbmFub2RlLmNvbQ==
121970 DEBUG [2016-09-25 22:26:32]  SINA-TS:NGQ4OGMzNjggMCAxIDEgNiA3Cg==
121970 WARN  [2016-09-25 22:26:32]  Going to buffer response body of large or unknown size. Using getResponseBodyAsStream instead is recommended.
121971 DEBUG [2016-09-25 22:26:32]  [{"id":4023691144604230,"comments":0,"reposts":0,"attitudes":0},{"id":4023691144544202,"comments":0,"reposts":0,"attitudes":0}]

121971 DEBUG [2016-09-25 22:26:32]  Request:
121971 DEBUG [2016-09-25 22:26:32]  GET:https://api.weibo.com/2/statuses/count.json
121972 DEBUG [2016-09-25 22:26:32]  Authorization: OAuth2 2.00_7C8gFOxK_cD9ec28c4cff8Y6FyB
121972 DEBUG [2016-09-25 22:26:32]  API-RemoteIP: 192.168.202.1
122003 DEBUG [2016-09-25 22:26:32]  Response:
122003 DEBUG [2016-09-25 22:26:32]  https StatusCode:200
122003 DEBUG [2016-09-25 22:26:32]  Server:nginx/1.6.1
122003 DEBUG [2016-09-25 22:26:32]  Date:Sun, 25 Sep 2016 14:26:29 GMT
122003 DEBUG [2016-09-25 22:26:32]  Content-Type:application/json;charset=UTF-8
122003 DEBUG [2016-09-25 22:26:32]  Transfer-Encoding:chunked
122003 DEBUG [2016-09-25 22:26:32]  Connection:close
122003 DEBUG [2016-09-25 22:26:32]  Api-Server-IP:10.77.108.52
122003 DEBUG [2016-09-25 22:26:32]  Vary:Accept-Encoding
122003 DEBUG [2016-09-25 22:26:32]  SINA-LB:aGEuMTc1LmcxLnNlLmxiLnNpbmFub2RlLmNvbQ==
122003 DEBUG [2016-09-25 22:26:32]  SINA-TS:NDg4OGMzNjggMCAyIDIgNyA2Cg==
122003 WARN  [2016-09-25 22:26:32]  Going to buffer response body of large or unknown size. Using getResponseBodyAsStream instead is recommended.
122004 DEBUG [2016-09-25 22:26:32]  [{"id":4023691136147568,"comments":0,"reposts":0,"attitudes":1},{"id":4023691103083513,"comments":0,"reposts":0,"attitudes":1}]

122004 DEBUG [2016-09-25 22:26:32]  Request:
122004 DEBUG [2016-09-25 22:26:32]  GET:https://api.weibo.com/2/statuses/count.json
122004 DEBUG [2016-09-25 22:26:32]  Authorization: OAuth2 2.00_7C8gFOxK_cD9ec28c4cff8Y6FyB
122004 DEBUG [2016-09-25 22:26:32]  API-RemoteIP: 192.168.202.1
122297 DEBUG [2016-09-25 22:26:32]  Response:
122297 DEBUG [2016-09-25 22:26:32]  https StatusCode:200
122297 DEBUG [2016-09-25 22:26:32]  Server:nginx/1.6.1
122297 DEBUG [2016-09-25 22:26:32]  Date:Sun, 25 Sep 2016 14:26:30 GMT
122297 DEBUG [2016-09-25 22:26:32]  Content-Type:application/json;charset=UTF-8
122297 DEBUG [2016-09-25 22:26:32]  Transfer-Encoding:chunked
122297 DEBUG [2016-09-25 22:26:32]  Connection:keep-alive
122297 DEBUG [2016-09-25 22:26:32]  Api-Server-IP:10.77.108.104
122298 DEBUG [2016-09-25 22:26:32]  Vary:Accept-Encoding
122298 DEBUG [2016-09-25 22:26:32]  SINA-LB:aGEuMjIuZzEuc2UubGIuc2luYW5vZGUuY29t
122298 DEBUG [2016-09-25 22:26:32]  SINA-TS:NGI4OGMzNjggMCAyIDIgNyA2Cg==
122298 WARN  [2016-09-25 22:26:32]  Going to buffer response body of large or unknown size. Using getResponseBodyAsStream instead is recommended.
122298 DEBUG [2016-09-25 22:26:32]  [{"id":4023691010576291,"comments":0,"reposts":0,"attitudes":0},{"id":4023690989207057,"comments":0,"reposts":0,"attitudes":0}]

122298 DEBUG [2016-09-25 22:26:32]  Request:
122298 DEBUG [2016-09-25 22:26:32]  GET:https://api.weibo.com/2/statuses/count.json
122298 DEBUG [2016-09-25 22:26:32]  Authorization: OAuth2 2.00_7C8gFOxK_cD9ec28c4cff8Y6FyB
122298 DEBUG [2016-09-25 22:26:32]  API-RemoteIP: 192.168.202.1
122326 DEBUG [2016-09-25 22:26:32]  Response:
122326 DEBUG [2016-09-25 22:26:32]  https StatusCode:200
122326 DEBUG [2016-09-25 22:26:32]  Server:nginx/1.6.1
122326 DEBUG [2016-09-25 22:26:32]  Date:Sun, 25 Sep 2016 14:26:30 GMT
122326 DEBUG [2016-09-25 22:26:32]  Content-Type:application/json;charset=UTF-8
122326 DEBUG [2016-09-25 22:26:32]  Transfer-Encoding:chunked
122326 DEBUG [2016-09-25 22:26:32]  Connection:keep-alive
122326 DEBUG [2016-09-25 22:26:32]  Api-Server-IP:10.77.108.57
122326 DEBUG [2016-09-25 22:26:32]  Vary:Accept-Encoding
122326 DEBUG [2016-09-25 22:26:32]  SINA-LB:aGEuMTc2LmcxLnNlLmxiLnNpbmFub2RlLmNvbQ==
122326 DEBUG [2016-09-25 22:26:32]  SINA-TS:NGI4OGMzNjggMCAxIDEgNyA2Cg==
122326 WARN  [2016-09-25 22:26:32]  Going to buffer response body of large or unknown size. Using getResponseBodyAsStream instead is recommended.
122327 DEBUG [2016-09-25 22:26:32]  [{"id":4023690977005864,"comments":0,"reposts":0,"attitudes":0},{"id":4023690884822699,"comments":0,"reposts":0,"attitudes":0}]

122327 DEBUG [2016-09-25 22:26:32]  Request:
122327 DEBUG [2016-09-25 22:26:32]  GET:https://api.weibo.com/2/statuses/count.json
122327 DEBUG [2016-09-25 22:26:32]  Authorization: OAuth2 2.00_7C8gFOxK_cD9ec28c4cff8Y6FyB
122327 DEBUG [2016-09-25 22:26:32]  API-RemoteIP: 192.168.202.1
122356 DEBUG [2016-09-25 22:26:32]  Response:
122356 DEBUG [2016-09-25 22:26:32]  https StatusCode:200
122356 DEBUG [2016-09-25 22:26:32]  Server:nginx/1.6.1
122356 DEBUG [2016-09-25 22:26:32]  Date:Sun, 25 Sep 2016 14:26:30 GMT
122356 DEBUG [2016-09-25 22:26:32]  Content-Type:application/json;charset=UTF-8
122356 DEBUG [2016-09-25 22:26:32]  Transfer-Encoding:chunked
122356 DEBUG [2016-09-25 22:26:32]  Connection:keep-alive
122356 DEBUG [2016-09-25 22:26:32]  Api-Server-IP:10.77.108.50
122356 DEBUG [2016-09-25 22:26:32]  Vary:Accept-Encoding
122356 DEBUG [2016-09-25 22:26:32]  SINA-LB:aGEuMTc1LmcxLnNlLmxiLnNpbmFub2RlLmNvbQ==
122356 DEBUG [2016-09-25 22:26:32]  SINA-TS:NGQ4OGMzNjggMCAyIDIgNiA2Cg==
122356 WARN  [2016-09-25 22:26:32]  Going to buffer response body of large or unknown size. Using getResponseBodyAsStream instead is recommended.
122356 DEBUG [2016-09-25 22:26:32]  [{"id":4023690872472434,"comments":0,"reposts":0,"attitudes":0},{"id":4023690871915589,"comments":0,"reposts":0,"attitudes":0}]

122356 DEBUG [2016-09-25 22:26:32]  Request:
122356 DEBUG [2016-09-25 22:26:32]  GET:https://api.weibo.com/2/statuses/count.json
122357 DEBUG [2016-09-25 22:26:32]  Authorization: OAuth2 2.00_7C8gFOxK_cD9ec28c4cff8Y6FyB
122357 DEBUG [2016-09-25 22:26:32]  API-RemoteIP: 192.168.202.1
122387 DEBUG [2016-09-25 22:26:32]  Response:
122387 DEBUG [2016-09-25 22:26:32]  https StatusCode:200
122387 DEBUG [2016-09-25 22:26:32]  Server:nginx/1.6.1
122387 DEBUG [2016-09-25 22:26:32]  Date:Sun, 25 Sep 2016 14:26:30 GMT
122387 DEBUG [2016-09-25 22:26:32]  Content-Type:application/json;charset=UTF-8
122387 DEBUG [2016-09-25 22:26:32]  Transfer-Encoding:chunked
122387 DEBUG [2016-09-25 22:26:32]  Connection:keep-alive
122387 DEBUG [2016-09-25 22:26:32]  Api-Server-IP:10.77.108.104
122387 DEBUG [2016-09-25 22:26:32]  Vary:Accept-Encoding
122387 DEBUG [2016-09-25 22:26:32]  SINA-LB:aGEuMjIuZzEuc2UubGIuc2luYW5vZGUuY29t
122387 DEBUG [2016-09-25 22:26:32]  SINA-TS:NGQ4OGMzNjggMCAyIDIgOCA3Cg==
122387 WARN  [2016-09-25 22:26:32]  Going to buffer response body of large or unknown size. Using getResponseBodyAsStream instead is recommended.
122387 DEBUG [2016-09-25 22:26:32]  [{"id":4023690868468769,"comments":0,"reposts":0,"attitudes":0},{"id":4023690855665843,"comments":0,"reposts":0,"attitudes":0}]

122388 DEBUG [2016-09-25 22:26:32]  Request:
122388 DEBUG [2016-09-25 22:26:32]  GET:https://api.weibo.com/2/statuses/count.json
122388 DEBUG [2016-09-25 22:26:32]  Authorization: OAuth2 2.00_7C8gFOxK_cD9ec28c4cff8Y6FyB
122388 DEBUG [2016-09-25 22:26:32]  API-RemoteIP: 192.168.202.1
122423 DEBUG [2016-09-25 22:26:32]  Response:
122423 DEBUG [2016-09-25 22:26:32]  https StatusCode:200
122423 DEBUG [2016-09-25 22:26:32]  Server:nginx/1.6.1
122423 DEBUG [2016-09-25 22:26:32]  Date:Sun, 25 Sep 2016 14:26:30 GMT
122423 DEBUG [2016-09-25 22:26:32]  Content-Type:application/json;charset=UTF-8
122423 DEBUG [2016-09-25 22:26:32]  Transfer-Encoding:chunked
122423 DEBUG [2016-09-25 22:26:32]  Connection:keep-alive
122423 DEBUG [2016-09-25 22:26:32]  Api-Server-IP:10.77.108.50
122423 DEBUG [2016-09-25 22:26:32]  Vary:Accept-Encoding
122423 DEBUG [2016-09-25 22:26:32]  SINA-LB:aGEuMTc1LmcxLnNlLmxiLnNpbmFub2RlLmNvbQ==
122423 DEBUG [2016-09-25 22:26:32]  SINA-TS:NDg4OGMzNjggMCAyIDIgNyA2Cg==
122423 WARN  [2016-09-25 22:26:32]  Going to buffer response body of large or unknown size. Using getResponseBodyAsStream instead is recommended.
122423 DEBUG [2016-09-25 22:26:32]  [{"id":4023690855123528,"comments":0,"reposts":0,"attitudes":0},{"id":4023690834656148,"comments":0,"reposts":0,"attitudes":0}]

122424 DEBUG [2016-09-25 22:26:32]  Request:
122424 DEBUG [2016-09-25 22:26:32]  GET:https://api.weibo.com/2/statuses/count.json
122424 DEBUG [2016-09-25 22:26:32]  Authorization: OAuth2 2.00_7C8gFOxK_cD9ec28c4cff8Y6FyB
122424 DEBUG [2016-09-25 22:26:32]  API-RemoteIP: 192.168.202.1
122453 DEBUG [2016-09-25 22:26:32]  Response:
122453 DEBUG [2016-09-25 22:26:32]  https StatusCode:200
122453 DEBUG [2016-09-25 22:26:32]  Server:nginx/1.6.1
122453 DEBUG [2016-09-25 22:26:32]  Date:Sun, 25 Sep 2016 14:26:30 GMT
122453 DEBUG [2016-09-25 22:26:32]  Content-Type:application/json;charset=UTF-8
122453 DEBUG [2016-09-25 22:26:32]  Transfer-Encoding:chunked
122453 DEBUG [2016-09-25 22:26:32]  Connection:keep-alive
122453 DEBUG [2016-09-25 22:26:32]  Api-Server-IP:10.77.108.52
122453 DEBUG [2016-09-25 22:26:32]  Vary:Accept-Encoding
122453 DEBUG [2016-09-25 22:26:32]  SINA-LB:aGEuMjIuZzEuc2UubGIuc2luYW5vZGUuY29t
122453 DEBUG [2016-09-25 22:26:32]  SINA-TS:NGI4OGMzNjggMCAyIDIgNyA2Cg==
122453 WARN  [2016-09-25 22:26:32]  Going to buffer response body of large or unknown size. Using getResponseBodyAsStream instead is recommended.
122454 DEBUG [2016-09-25 22:26:32]  [{"id":4023690825549420,"comments":0,"reposts":0,"attitudes":0},{"id":4023690821354157,"comments":0,"reposts":0,"attitudes":0}]

122454 DEBUG [2016-09-25 22:26:32]  Request:
122454 DEBUG [2016-09-25 22:26:32]  GET:https://api.weibo.com/2/statuses/count.json
122454 DEBUG [2016-09-25 22:26:32]  Authorization: OAuth2 2.00_7C8gFOxK_cD9ec28c4cff8Y6FyB
122454 DEBUG [2016-09-25 22:26:32]  API-RemoteIP: 192.168.202.1
122483 DEBUG [2016-09-25 22:26:32]  Response:
122483 DEBUG [2016-09-25 22:26:32]  https StatusCode:200
122483 DEBUG [2016-09-25 22:26:32]  Server:nginx/1.6.1
122483 DEBUG [2016-09-25 22:26:32]  Date:Sun, 25 Sep 2016 14:26:30 GMT
122483 DEBUG [2016-09-25 22:26:32]  Content-Type:application/json;charset=UTF-8
122483 DEBUG [2016-09-25 22:26:32]  Transfer-Encoding:chunked
122483 DEBUG [2016-09-25 22:26:32]  Connection:keep-alive
122483 DEBUG [2016-09-25 22:26:32]  Api-Server-IP:10.77.108.51
122483 DEBUG [2016-09-25 22:26:32]  Vary:Accept-Encoding
122483 DEBUG [2016-09-25 22:26:32]  SINA-LB:aGEuMjIuZzEuc2UubGIuc2luYW5vZGUuY29t
122483 DEBUG [2016-09-25 22:26:32]  SINA-TS:NGQ4OGMzNjggMCAyIDIgNyA3Cg==
122483 WARN  [2016-09-25 22:26:32]  Going to buffer response body of large or unknown size. Using getResponseBodyAsStream instead is recommended.
122483 DEBUG [2016-09-25 22:26:32]  [{"id":4023690809441979,"comments":0,"reposts":0,"attitudes":0},{"id":4023690808946485,"comments":0,"reposts":0,"attitudes":0}]

122483 DEBUG [2016-09-25 22:26:32]  Request:
122483 DEBUG [2016-09-25 22:26:32]  GET:https://api.weibo.com/2/statuses/count.json
122483 DEBUG [2016-09-25 22:26:32]  Authorization: OAuth2 2.00_7C8gFOxK_cD9ec28c4cff8Y6FyB
122483 DEBUG [2016-09-25 22:26:32]  API-RemoteIP: 192.168.202.1
122704 DEBUG [2016-09-25 22:26:32]  Response:
122704 DEBUG [2016-09-25 22:26:32]  https StatusCode:200
122704 DEBUG [2016-09-25 22:26:32]  Server:nginx/1.6.1
122704 DEBUG [2016-09-25 22:26:32]  Date:Sun, 25 Sep 2016 14:26:30 GMT
122704 DEBUG [2016-09-25 22:26:32]  Content-Type:application/json;charset=UTF-8
122704 DEBUG [2016-09-25 22:26:32]  Transfer-Encoding:chunked
122704 DEBUG [2016-09-25 22:26:32]  Connection:keep-alive
122704 DEBUG [2016-09-25 22:26:32]  Api-Server-IP:10.77.108.104
122704 DEBUG [2016-09-25 22:26:32]  Vary:Accept-Encoding
122704 DEBUG [2016-09-25 22:26:32]  SINA-LB:aGEuMTc2LmcxLnNlLmxiLnNpbmFub2RlLmNvbQ==
122704 DEBUG [2016-09-25 22:26:32]  SINA-TS:NDg4OGMzNjggMCA5NCA5NCA4IDk5Cg==
122704 WARN  [2016-09-25 22:26:32]  Going to buffer response body of large or unknown size. Using getResponseBodyAsStream instead is recommended.
122704 DEBUG [2016-09-25 22:26:32]  [{"id":4023690763223908,"comments":0,"reposts":0,"attitudes":0},{"id":4023690750617955,"comments":0,"reposts":0,"attitudes":0}]

122704 DEBUG [2016-09-25 22:26:32]  Request:
122704 DEBUG [2016-09-25 22:26:32]  GET:https://api.weibo.com/2/statuses/count.json
122705 DEBUG [2016-09-25 22:26:32]  Authorization: OAuth2 2.00_7C8gFOxK_cD9ec28c4cff8Y6FyB
122705 DEBUG [2016-09-25 22:26:32]  API-RemoteIP: 192.168.202.1
123009 DEBUG [2016-09-25 22:26:33]  Response:
123009 DEBUG [2016-09-25 22:26:33]  https StatusCode:200
123009 DEBUG [2016-09-25 22:26:33]  Server:nginx/1.6.1
123009 DEBUG [2016-09-25 22:26:33]  Date:Sun, 25 Sep 2016 14:26:30 GMT
123009 DEBUG [2016-09-25 22:26:33]  Content-Type:application/json;charset=UTF-8
123009 DEBUG [2016-09-25 22:26:33]  Transfer-Encoding:chunked
123009 DEBUG [2016-09-25 22:26:33]  Connection:keep-alive
123009 DEBUG [2016-09-25 22:26:33]  Api-Server-IP:10.77.108.56
123009 DEBUG [2016-09-25 22:26:33]  Vary:Accept-Encoding
123009 DEBUG [2016-09-25 22:26:33]  SINA-LB:aGEuMjEuZzEuc2UubGIuc2luYW5vZGUuY29t
123009 DEBUG [2016-09-25 22:26:33]  SINA-TS:NGI4OGMzNjggMCA5NiA5NiA3IDE5MAo=
123009 WARN  [2016-09-25 22:26:33]  Going to buffer response body of large or unknown size. Using getResponseBodyAsStream instead is recommended.
123010 DEBUG [2016-09-25 22:26:33]  [{"id":4023690725666162,"comments":0,"reposts":0,"attitudes":0},{"id":4023690717262039,"comments":0,"reposts":0,"attitudes":0}]

123010 DEBUG [2016-09-25 22:26:33]  Request:
123010 DEBUG [2016-09-25 22:26:33]  GET:https://api.weibo.com/2/statuses/count.json
123011 DEBUG [2016-09-25 22:26:33]  Authorization: OAuth2 2.00_7C8gFOxK_cD9ec28c4cff8Y6FyB
123011 DEBUG [2016-09-25 22:26:33]  API-RemoteIP: 192.168.202.1
123091 DEBUG [2016-09-25 22:26:33]  Response:
123091 DEBUG [2016-09-25 22:26:33]  https StatusCode:200
123091 DEBUG [2016-09-25 22:26:33]  Server:nginx/1.6.1
123091 DEBUG [2016-09-25 22:26:33]  Date:Sun, 25 Sep 2016 14:26:30 GMT
123091 DEBUG [2016-09-25 22:26:33]  Content-Type:application/json;charset=UTF-8
123091 DEBUG [2016-09-25 22:26:33]  Transfer-Encoding:chunked
123092 DEBUG [2016-09-25 22:26:33]  Connection:keep-alive
123092 DEBUG [2016-09-25 22:26:33]  Api-Server-IP:10.77.108.54
123092 DEBUG [2016-09-25 22:26:33]  Vary:Accept-Encoding
123092 DEBUG [2016-09-25 22:26:33]  SINA-LB:aGEuMjIuZzEuc2UubGIuc2luYW5vZGUuY29t
123092 DEBUG [2016-09-25 22:26:33]  SINA-TS:NGE4OGMzNjggMCAyIDIgOCA4Cg==
123092 WARN  [2016-09-25 22:26:33]  Going to buffer response body of large or unknown size. Using getResponseBodyAsStream instead is recommended.
123092 DEBUG [2016-09-25 22:26:33]  [{"id":4023690712386262,"comments":0,"reposts":0,"attitudes":0},{"id":4023690650032321,"comments":0,"reposts":0,"attitudes":0}]

123092 DEBUG [2016-09-25 22:26:33]  Request:
123092 DEBUG [2016-09-25 22:26:33]  GET:https://api.weibo.com/2/statuses/count.json
123093 DEBUG [2016-09-25 22:26:33]  Authorization: OAuth2 2.00_7C8gFOxK_cD9ec28c4cff8Y6FyB
123093 DEBUG [2016-09-25 22:26:33]  API-RemoteIP: 192.168.202.1
123304 DEBUG [2016-09-25 22:26:33]  Response:
123304 DEBUG [2016-09-25 22:26:33]  https StatusCode:200
123304 DEBUG [2016-09-25 22:26:33]  Server:nginx/1.6.1
123304 DEBUG [2016-09-25 22:26:33]  Date:Sun, 25 Sep 2016 14:26:31 GMT
123304 DEBUG [2016-09-25 22:26:33]  Content-Type:application/json;charset=UTF-8
123304 DEBUG [2016-09-25 22:26:33]  Transfer-Encoding:chunked
123305 DEBUG [2016-09-25 22:26:33]  Connection:keep-alive
123305 DEBUG [2016-09-25 22:26:33]  Api-Server-IP:10.77.108.56
123305 DEBUG [2016-09-25 22:26:33]  Vary:Accept-Encoding
123305 DEBUG [2016-09-25 22:26:33]  SINA-LB:aGEuMjEuZzEuc2UubGIuc2luYW5vZGUuY29t
123305 DEBUG [2016-09-25 22:26:33]  SINA-TS:NGI4OGMzNjggMCA5MyA5MyA3IDk3Cg==
123305 WARN  [2016-09-25 22:26:33]  Going to buffer response body of large or unknown size. Using getResponseBodyAsStream instead is recommended.
123305 DEBUG [2016-09-25 22:26:33]  [{"id":4023690637631541,"comments":0,"reposts":0,"attitudes":0},{"id":4023690637427671,"comments":0,"reposts":0,"attitudes":0}]

0    DEBUG [2016-09-25 22:37:26]  Request:
1    DEBUG [2016-09-25 22:37:26]  GET:https://api.weibo.com/2/statuses/queryid.json
40   DEBUG [2016-09-25 22:37:26]  Authorization: OAuth2 2.00fvy_eFVcBOjB5cc195317e0zOO4G
40   DEBUG [2016-09-25 22:37:26]  API-RemoteIP: 192.168.202.1
0    DEBUG [2016-09-25 22:37:41]  Request:
1    DEBUG [2016-09-25 22:37:41]  GET:https://api.weibo.com/2/statuses/queryid.json
40   DEBUG [2016-09-25 22:37:41]  Authorization: OAuth2 2.00fvy_eFVcBOjB5cc195317e0zOO4G
40   DEBUG [2016-09-25 22:37:41]  API-RemoteIP: 172.23.52.148
409  DEBUG [2016-09-25 22:37:41]  Response:
409  DEBUG [2016-09-25 22:37:41]  https StatusCode:403
409  DEBUG [2016-09-25 22:37:41]  Server:nginx/1.6.1
409  DEBUG [2016-09-25 22:37:41]  Date:Sun, 25 Sep 2016 14:37:39 GMT
409  DEBUG [2016-09-25 22:37:41]  Content-Type:application/json;charset=UTF-8
409  DEBUG [2016-09-25 22:37:41]  Transfer-Encoding:chunked
409  DEBUG [2016-09-25 22:37:41]  Connection:keep-alive
409  DEBUG [2016-09-25 22:37:41]  Api-Server-IP:10.77.108.57
409  DEBUG [2016-09-25 22:37:41]  Vary:Accept-Encoding
411  WARN  [2016-09-25 22:37:41]  Going to buffer response body of large or unknown size. Using getResponseBodyAsStream instead is recommended.
411  DEBUG [2016-09-25 22:37:41]  {"error":"User requests out of rate limit!","error_code":10023,"request":"/2/statuses/queryid.json"}

0    DEBUG [2016-09-25 22:42:45]  Request:
0    DEBUG [2016-09-25 22:42:45]  GET:https://api.weibo.com/2/statuses/queryid.json
35   DEBUG [2016-09-25 22:42:45]  Authorization: OAuth2 2.00fvy_eFVcBOjB5cc195317e0zOO4G
35   DEBUG [2016-09-25 22:42:45]  API-RemoteIP: 192.168.202.1
441  DEBUG [2016-09-25 22:42:46]  Response:
441  DEBUG [2016-09-25 22:42:46]  https StatusCode:403
441  DEBUG [2016-09-25 22:42:46]  Server:nginx/1.6.1
442  DEBUG [2016-09-25 22:42:46]  Date:Sun, 25 Sep 2016 14:42:44 GMT
442  DEBUG [2016-09-25 22:42:46]  Content-Type:application/json;charset=UTF-8
442  DEBUG [2016-09-25 22:42:46]  Transfer-Encoding:chunked
442  DEBUG [2016-09-25 22:42:46]  Connection:keep-alive
442  DEBUG [2016-09-25 22:42:46]  Api-Server-IP:10.77.108.40
442  DEBUG [2016-09-25 22:42:46]  Vary:Accept-Encoding
443  WARN  [2016-09-25 22:42:46]  Going to buffer response body of large or unknown size. Using getResponseBodyAsStream instead is recommended.
444  DEBUG [2016-09-25 22:42:46]  {"error":"User requests out of rate limit!","error_code":10023,"request":"/2/statuses/queryid.json"}

0    DEBUG [2016-09-25 22:43:00]  Request:
1    DEBUG [2016-09-25 22:43:00]  GET:https://api.weibo.com/2/statuses/count.json
50   DEBUG [2016-09-25 22:43:00]  Authorization: OAuth2 2.00_7C8gFOxK_cD9ec28c4cff8Y6FyB
50   DEBUG [2016-09-25 22:43:00]  API-RemoteIP: 192.168.202.1
429  DEBUG [2016-09-25 22:43:00]  Response:
429  DEBUG [2016-09-25 22:43:00]  https StatusCode:403
429  DEBUG [2016-09-25 22:43:00]  Server:nginx/1.6.1
429  DEBUG [2016-09-25 22:43:00]  Date:Sun, 25 Sep 2016 14:42:58 GMT
429  DEBUG [2016-09-25 22:43:00]  Content-Type:application/json;charset=UTF-8
429  DEBUG [2016-09-25 22:43:00]  Transfer-Encoding:chunked
429  DEBUG [2016-09-25 22:43:00]  Connection:keep-alive
430  DEBUG [2016-09-25 22:43:00]  Api-Server-IP:10.77.108.55
430  DEBUG [2016-09-25 22:43:00]  Vary:Accept-Encoding
431  WARN  [2016-09-25 22:43:00]  Going to buffer response body of large or unknown size. Using getResponseBodyAsStream instead is recommended.
431  DEBUG [2016-09-25 22:43:00]  {"error":"User requests out of rate limit!","error_code":10023,"request":"/2/statuses/count.json"}

0    DEBUG [2016-09-25 22:43:30]  Request:
1    DEBUG [2016-09-25 22:43:30]  GET:https://api.weibo.com/2/statuses/count.json
33   DEBUG [2016-09-25 22:43:30]  Authorization: OAuth2 2.00fvy_eFVcBOjB5cc195317e0zOO4G
33   DEBUG [2016-09-25 22:43:30]  API-RemoteIP: 192.168.202.1
408  DEBUG [2016-09-25 22:43:30]  Response:
408  DEBUG [2016-09-25 22:43:30]  https StatusCode:403
408  DEBUG [2016-09-25 22:43:30]  Server:nginx/1.6.1
408  DEBUG [2016-09-25 22:43:30]  Date:Sun, 25 Sep 2016 14:43:28 GMT
408  DEBUG [2016-09-25 22:43:30]  Content-Type:application/json;charset=UTF-8
408  DEBUG [2016-09-25 22:43:30]  Transfer-Encoding:chunked
408  DEBUG [2016-09-25 22:43:30]  Connection:keep-alive
408  DEBUG [2016-09-25 22:43:30]  Api-Server-IP:10.77.108.54
408  DEBUG [2016-09-25 22:43:30]  Vary:Accept-Encoding
409  WARN  [2016-09-25 22:43:30]  Going to buffer response body of large or unknown size. Using getResponseBodyAsStream instead is recommended.
410  DEBUG [2016-09-25 22:43:30]  {"error":"User requests out of rate limit!","error_code":10023,"request":"/2/statuses/count.json"}

0    DEBUG [2016-09-25 22:52:41]  Request:
1    DEBUG [2016-09-25 22:52:41]  GET:https://api.weibo.com/2/statuses/count.json
36   DEBUG [2016-09-25 22:52:42]  Authorization: OAuth2 2.00_7C8gFOxK_cD9ec28c4cff8Y6FyB
36   DEBUG [2016-09-25 22:52:42]  API-RemoteIP: 192.168.202.1
437  DEBUG [2016-09-25 22:52:42]  Response:
437  DEBUG [2016-09-25 22:52:42]  https StatusCode:403
437  DEBUG [2016-09-25 22:52:42]  Server:nginx/1.6.1
438  DEBUG [2016-09-25 22:52:42]  Date:Sun, 25 Sep 2016 14:52:40 GMT
438  DEBUG [2016-09-25 22:52:42]  Content-Type:application/json;charset=UTF-8
438  DEBUG [2016-09-25 22:52:42]  Transfer-Encoding:chunked
438  DEBUG [2016-09-25 22:52:42]  Connection:keep-alive
438  DEBUG [2016-09-25 22:52:42]  Api-Server-IP:10.77.108.51
438  DEBUG [2016-09-25 22:52:42]  Vary:Accept-Encoding
439  WARN  [2016-09-25 22:52:42]  Going to buffer response body of large or unknown size. Using getResponseBodyAsStream instead is recommended.
440  DEBUG [2016-09-25 22:52:42]  {"error":"User requests out of rate limit!","error_code":10023,"request":"/2/statuses/count.json"}

